::1 - - [01/Sep/2021:10:34:24 +0000] "GET / HTTP/1.1" 200 2573 "-" "Mozilla/5.0 (Macintosh; Intel Mac OS X 10_15_7) AppleWebKit/537.36 (KHTML, like Gecko) Chrome/92.0.4515.159 Safari/537.36"
::1 - - [01/Sep/2021:10:34:24 +0000] "GET /static/js/main.442ea3b7.chunk.js HTTP/1.1" 200 13351 "http://localhost:8000/" "Mozilla/5.0 (Macintosh; Intel Mac OS X 10_15_7) AppleWebKit/537.36 (KHTML, like Gecko) Chrome/92.0.4515.159 Safari/537.36"
::1 - - [01/Sep/2021:10:34:24 +0000] "GET /static/js/2.acf50103.chunk.js HTTP/1.1" 200 460491 "http://localhost:8000/" "Mozilla/5.0 (Macintosh; Intel Mac OS X 10_15_7) AppleWebKit/537.36 (KHTML, like Gecko) Chrome/92.0.4515.159 Safari/537.36"
::1 - - [01/Sep/2021:10:34:24 +0000] "GET /static/js/main.442ea3b7.chunk.js.map HTTP/1.1" 200 27920 "-" "Mozilla/5.0 (Macintosh; Intel Mac OS X 10_15_7) AppleWebKit/537.36 (KHTML, like Gecko) Chrome/92.0.4515.159 Safari/537.36"
::1 - - [01/Sep/2021:10:34:24 +0000] "GET /static/js/2.acf50103.chunk.js.map HTTP/1.1" 200 1641439 "-" "Mozilla/5.0 (Macintosh; Intel Mac OS X 10_15_7) AppleWebKit/537.36 (KHTML, like Gecko) Chrome/92.0.4515.159 Safari/537.36"
::1 - - [01/Sep/2021:10:34:24 +0000] "GET /sound/click.mp3 HTTP/1.1" 200 2688 "http://localhost:8000/" "Mozilla/5.0 (Macintosh; Intel Mac OS X 10_15_7) AppleWebKit/537.36 (KHTML, like Gecko) Chrome/92.0.4515.159 Safari/537.36"
::1 - - [01/Sep/2021:10:34:25 +0000] "GET /sound/typing.mp3 HTTP/1.1" 200 5760 "http://localhost:8000/" "Mozilla/5.0 (Macintosh; Intel Mac OS X 10_15_7) AppleWebKit/537.36 (KHTML, like Gecko) Chrome/92.0.4515.159 Safari/537.36"
::1 - - [01/Sep/2021:10:34:25 +0000] "GET /sound/deploy.mp3 HTTP/1.1" 200 5376 "http://localhost:8000/" "Mozilla/5.0 (Macintosh; Intel Mac OS X 10_15_7) AppleWebKit/537.36 (KHTML, like Gecko) Chrome/92.0.4515.159 Safari/537.36"
::1 - - [01/Sep/2021:10:34:25 +0000] "GET /sound/success.mp3 HTTP/1.1" 200 98497 "http://localhost:8000/" "Mozilla/5.0 (Macintosh; Intel Mac OS X 10_15_7) AppleWebKit/537.36 (KHTML, like Gecko) Chrome/92.0.4515.159 Safari/537.36"
::1 - - [01/Sep/2021:10:34:25 +0000] "GET /sound/abort.mp3 HTTP/1.1" 200 11548 "http://localhost:8000/" "Mozilla/5.0 (Macintosh; Intel Mac OS X 10_15_7) AppleWebKit/537.36 (KHTML, like Gecko) Chrome/92.0.4515.159 Safari/537.36"
::1 - - [01/Sep/2021:10:34:25 +0000] "GET /sound/warning.mp3 HTTP/1.1" 200 28800 "http://localhost:8000/" "Mozilla/5.0 (Macintosh; Intel Mac OS X 10_15_7) AppleWebKit/537.36 (KHTML, like Gecko) Chrome/92.0.4515.159 Safari/537.36"
::1 - - [01/Sep/2021:10:34:25 +0000] "GET /img/glow.png HTTP/1.1" 200 455 "http://localhost:8000/" "Mozilla/5.0 (Macintosh; Intel Mac OS X 10_15_7) AppleWebKit/537.36 (KHTML, like Gecko) Chrome/92.0.4515.159 Safari/537.36"
::1 - - [01/Sep/2021:10:34:25 +0000] "GET /planets HTTP/1.1" 304 - "http://localhost:8000/" "Mozilla/5.0 (Macintosh; Intel Mac OS X 10_15_7) AppleWebKit/537.36 (KHTML, like Gecko) Chrome/92.0.4515.159 Safari/537.36"
::1 - - [01/Sep/2021:10:34:25 +0000] "GET /img/background-large.jpg HTTP/1.1" 200 778461 "http://localhost:8000/" "Mozilla/5.0 (Macintosh; Intel Mac OS X 10_15_7) AppleWebKit/537.36 (KHTML, like Gecko) Chrome/92.0.4515.159 Safari/537.36"
::1 - - [01/Sep/2021:10:34:25 +0000] "GET /favicon.png HTTP/1.1" 200 4500 "http://localhost:8000/" "Mozilla/5.0 (Macintosh; Intel Mac OS X 10_15_7) AppleWebKit/537.36 (KHTML, like Gecko) Chrome/92.0.4515.159 Safari/537.36"
::1 - - [01/Sep/2021:10:34:25 +0000] "GET /favicon.png HTTP/1.1" 200 4500 "http://localhost:8000/" "Mozilla/5.0 (Macintosh; Intel Mac OS X 10_15_7) AppleWebKit/537.36 (KHTML, like Gecko) Chrome/92.0.4515.159 Safari/537.36"
::1 - - [01/Sep/2021:10:34:25 +0000] "GET /manifest.json HTTP/1.1" 200 306 "http://localhost:8000/" "Mozilla/5.0 (Macintosh; Intel Mac OS X 10_15_7) AppleWebKit/537.36 (KHTML, like Gecko) Chrome/92.0.4515.159 Safari/537.36"
::1 - - [01/Sep/2021:10:34:31 +0000] "GET / HTTP/1.1" 304 - "-" "Mozilla/5.0 (Macintosh; Intel Mac OS X 10_15_7) AppleWebKit/537.36 (KHTML, like Gecko) Chrome/92.0.4515.159 Safari/537.36"
::1 - - [01/Sep/2021:10:34:31 +0000] "GET /static/js/2.acf50103.chunk.js HTTP/1.1" 304 - "http://localhost:8000/" "Mozilla/5.0 (Macintosh; Intel Mac OS X 10_15_7) AppleWebKit/537.36 (KHTML, like Gecko) Chrome/92.0.4515.159 Safari/537.36"
::1 - - [01/Sep/2021:10:34:31 +0000] "GET /static/js/main.442ea3b7.chunk.js HTTP/1.1" 304 - "http://localhost:8000/" "Mozilla/5.0 (Macintosh; Intel Mac OS X 10_15_7) AppleWebKit/537.36 (KHTML, like Gecko) Chrome/92.0.4515.159 Safari/537.36"
::1 - - [01/Sep/2021:10:34:32 +0000] "GET /sound/click.mp3 HTTP/1.1" 304 - "http://localhost:8000/" "Mozilla/5.0 (Macintosh; Intel Mac OS X 10_15_7) AppleWebKit/537.36 (KHTML, like Gecko) Chrome/92.0.4515.159 Safari/537.36"
::1 - - [01/Sep/2021:10:34:32 +0000] "GET /sound/typing.mp3 HTTP/1.1" 304 - "http://localhost:8000/" "Mozilla/5.0 (Macintosh; Intel Mac OS X 10_15_7) AppleWebKit/537.36 (KHTML, like Gecko) Chrome/92.0.4515.159 Safari/537.36"
::1 - - [01/Sep/2021:10:34:32 +0000] "GET /sound/deploy.mp3 HTTP/1.1" 304 - "http://localhost:8000/" "Mozilla/5.0 (Macintosh; Intel Mac OS X 10_15_7) AppleWebKit/537.36 (KHTML, like Gecko) Chrome/92.0.4515.159 Safari/537.36"
::1 - - [01/Sep/2021:10:34:32 +0000] "GET /sound/success.mp3 HTTP/1.1" 304 - "http://localhost:8000/" "Mozilla/5.0 (Macintosh; Intel Mac OS X 10_15_7) AppleWebKit/537.36 (KHTML, like Gecko) Chrome/92.0.4515.159 Safari/537.36"
::1 - - [01/Sep/2021:10:34:32 +0000] "GET /sound/abort.mp3 HTTP/1.1" 304 - "http://localhost:8000/" "Mozilla/5.0 (Macintosh; Intel Mac OS X 10_15_7) AppleWebKit/537.36 (KHTML, like Gecko) Chrome/92.0.4515.159 Safari/537.36"
::1 - - [01/Sep/2021:10:34:32 +0000] "GET /sound/warning.mp3 HTTP/1.1" 304 - "http://localhost:8000/" "Mozilla/5.0 (Macintosh; Intel Mac OS X 10_15_7) AppleWebKit/537.36 (KHTML, like Gecko) Chrome/92.0.4515.159 Safari/537.36"
::1 - - [01/Sep/2021:10:34:32 +0000] "GET /static/js/main.442ea3b7.chunk.js.map HTTP/1.1" 200 27920 "-" "Mozilla/5.0 (Macintosh; Intel Mac OS X 10_15_7) AppleWebKit/537.36 (KHTML, like Gecko) Chrome/92.0.4515.159 Safari/537.36"
::1 - - [01/Sep/2021:10:34:32 +0000] "GET /static/js/2.acf50103.chunk.js.map HTTP/1.1" 200 1641439 "-" "Mozilla/5.0 (Macintosh; Intel Mac OS X 10_15_7) AppleWebKit/537.36 (KHTML, like Gecko) Chrome/92.0.4515.159 Safari/537.36"
::1 - - [01/Sep/2021:10:34:32 +0000] "GET /img/background-large.jpg HTTP/1.1" 304 - "http://localhost:8000/" "Mozilla/5.0 (Macintosh; Intel Mac OS X 10_15_7) AppleWebKit/537.36 (KHTML, like Gecko) Chrome/92.0.4515.159 Safari/537.36"
::1 - - [01/Sep/2021:10:34:32 +0000] "GET /img/glow.png HTTP/1.1" 304 - "http://localhost:8000/" "Mozilla/5.0 (Macintosh; Intel Mac OS X 10_15_7) AppleWebKit/537.36 (KHTML, like Gecko) Chrome/92.0.4515.159 Safari/537.36"
::1 - - [01/Sep/2021:10:34:32 +0000] "GET /planets HTTP/1.1" 304 - "http://localhost:8000/" "Mozilla/5.0 (Macintosh; Intel Mac OS X 10_15_7) AppleWebKit/537.36 (KHTML, like Gecko) Chrome/92.0.4515.159 Safari/537.36"
::1 - - [01/Sep/2021:10:34:32 +0000] "GET /favicon.png HTTP/1.1" 304 - "http://localhost:8000/" "Mozilla/5.0 (Macintosh; Intel Mac OS X 10_15_7) AppleWebKit/537.36 (KHTML, like Gecko) Chrome/92.0.4515.159 Safari/537.36"
::1 - - [01/Sep/2021:10:34:32 +0000] "GET /favicon.png HTTP/1.1" 200 4500 "http://localhost:8000/" "Mozilla/5.0 (Macintosh; Intel Mac OS X 10_15_7) AppleWebKit/537.36 (KHTML, like Gecko) Chrome/92.0.4515.159 Safari/537.36"
::1 - - [01/Sep/2021:10:34:32 +0000] "GET /manifest.json HTTP/1.1" 304 - "http://localhost:8000/" "Mozilla/5.0 (Macintosh; Intel Mac OS X 10_15_7) AppleWebKit/537.36 (KHTML, like Gecko) Chrome/92.0.4515.159 Safari/537.36"
